D:\DEVELOPMENT\SETTLERS2\SETTLERS2\RELEASE\AISYSTEM.OBJ
D:\DEVELOPMENT\SETTLERS2\SETTLERS2\RELEASE\BINFILEMANAGER.OBJ
D:\DEVELOPMENT\SETTLERS2\SETTLERS2\RELEASE\BITMAPFONT.OBJ
D:\DEVELOPMENT\SETTLERS2\SETTLERS2\RELEASE\BITMAPTEXT.OBJ
D:\DEVELOPMENT\SETTLERS2\SETTLERS2\RELEASE\BUILDING.OBJ
D:\DEVELOPMENT\SETTLERS2\SETTLERS2\RELEASE\BUILDMENU.OBJ
D:\DEVELOPMENT\SETTLERS2\SETTLERS2\RELEASE\BUTTON.OBJ
D:\DEVELOPMENT\SETTLERS2\SETTLERS2\RELEASE\CAMERA.OBJ
D:\development\Settlers2\Settlers2\Release\cl.command.1.tlog
D:\development\Settlers2\Settlers2\Release\CL.read.1.tlog
D:\development\Settlers2\Settlers2\Release\CL.write.1.tlog
D:\DEVELOPMENT\SETTLERS2\SETTLERS2\RELEASE\COLLIDER.OBJ
D:\DEVELOPMENT\SETTLERS2\SETTLERS2\RELEASE\ECONOMYSYSTEM.OBJ
D:\DEVELOPMENT\SETTLERS2\SETTLERS2\RELEASE\EDITORSCENE.OBJ
D:\DEVELOPMENT\SETTLERS2\SETTLERS2\RELEASE\EDITORUI.OBJ
D:\DEVELOPMENT\SETTLERS2\SETTLERS2\RELEASE\ENTITY.OBJ
D:\DEVELOPMENT\SETTLERS2\SETTLERS2\RELEASE\ENTITYMANAGER.OBJ
D:\DEVELOPMENT\SETTLERS2\SETTLERS2\RELEASE\GAMEENGINE.OBJ
D:\DEVELOPMENT\SETTLERS2\SETTLERS2\RELEASE\GAMEPAD.OBJ
D:\DEVELOPMENT\SETTLERS2\SETTLERS2\RELEASE\GAMESCENE.OBJ
D:\DEVELOPMENT\SETTLERS2\SETTLERS2\RELEASE\GRIDMENU.OBJ
D:\DEVELOPMENT\SETTLERS2\SETTLERS2\RELEASE\INPUTCONTEXT.OBJ
D:\DEVELOPMENT\SETTLERS2\SETTLERS2\RELEASE\INPUTCONTROLLER.OBJ
D:\DEVELOPMENT\SETTLERS2\SETTLERS2\RELEASE\INPUTMANAGER.OBJ
D:\DEVELOPMENT\SETTLERS2\SETTLERS2\RELEASE\ISOGRID.OBJ
D:\development\Settlers2\Settlers2\Release\link.command.1.tlog
D:\development\Settlers2\Settlers2\Release\link.read.1.tlog
D:\development\Settlers2\Settlers2\Release\link.write.1.tlog
D:\DEVELOPMENT\SETTLERS2\SETTLERS2\RELEASE\LOADINGSCENE.OBJ
D:\DEVELOPMENT\SETTLERS2\SETTLERS2\RELEASE\MAP.OBJ
D:\DEVELOPMENT\SETTLERS2\SETTLERS2\RELEASE\MAPEDITOR.OBJ
D:\DEVELOPMENT\SETTLERS2\SETTLERS2\RELEASE\MAPSERIALIZER.OBJ
D:\DEVELOPMENT\SETTLERS2\SETTLERS2\RELEASE\MENUSCENE.OBJ
D:\DEVELOPMENT\SETTLERS2\SETTLERS2\RELEASE\MINIMAP.OBJ
D:\DEVELOPMENT\SETTLERS2\SETTLERS2\RELEASE\MODEL.OBJ
D:\DEVELOPMENT\SETTLERS2\SETTLERS2\RELEASE\OVERLAYFPS.OBJ
D:\DEVELOPMENT\SETTLERS2\SETTLERS2\RELEASE\PANEL.OBJ
D:\DEVELOPMENT\SETTLERS2\SETTLERS2\RELEASE\PATHFINDINGSYSTEM.OBJ
D:\DEVELOPMENT\SETTLERS2\SETTLERS2\RELEASE\PHYSICSSYSTEM.OBJ
D:\DEVELOPMENT\SETTLERS2\SETTLERS2\RELEASE\QUAD.OBJ
D:\DEVELOPMENT\SETTLERS2\SETTLERS2\RELEASE\RADIALMENU.OBJ
D:\DEVELOPMENT\SETTLERS2\SETTLERS2\RELEASE\RENDERER.OBJ
D:\DEVELOPMENT\SETTLERS2\SETTLERS2\RELEASE\RENDERSYSTEM.OBJ
D:\DEVELOPMENT\SETTLERS2\SETTLERS2\RELEASE\RESOURCE.OBJ
D:\DEVELOPMENT\SETTLERS2\SETTLERS2\RELEASE\RESOURCEBAR.OBJ
D:\DEVELOPMENT\SETTLERS2\SETTLERS2\RELEASE\SCENE.OBJ
D:\DEVELOPMENT\SETTLERS2\SETTLERS2\RELEASE\SCENEMANAGER.OBJ
D:\DEVELOPMENT\SETTLERS2\SETTLERS2\RELEASE\SCREENKEYBOARD.OBJ
D:\DEVELOPMENT\SETTLERS2\SETTLERS2\RELEASE\SETTLERS2.EXE
D:\DEVELOPMENT\SETTLERS2\SETTLERS2\RELEASE\SETTLERS2.OBJ
D:\DEVELOPMENT\SETTLERS2\SETTLERS2\RELEASE\SETTLERS2.PCH
D:\DEVELOPMENT\SETTLERS2\SETTLERS2\RELEASE\SETTLERS2.PDB
D:\development\Settlers2\Settlers2\Release\Settlers2.vcxprojResolveAssemblyReference.cache
D:\development\Settlers2\Settlers2\Release\Settlers2.write.1.tlog
D:\development\Settlers2\Settlers2\Release\Settlers2.xdb
D:\development\Settlers2\Settlers2\Release\Settlers2.xex
D:\DEVELOPMENT\SETTLERS2\SETTLERS2\RELEASE\SHADERMANAGER.OBJ
D:\DEVELOPMENT\SETTLERS2\SETTLERS2\RELEASE\SPRITE.OBJ
D:\DEVELOPMENT\SETTLERS2\SETTLERS2\RELEASE\SPRITEATLAS.OBJ
D:\DEVELOPMENT\SETTLERS2\SETTLERS2\RELEASE\SPRITEBATCH.OBJ
D:\DEVELOPMENT\SETTLERS2\SETTLERS2\RELEASE\SPRITERENDERER.OBJ
D:\DEVELOPMENT\SETTLERS2\SETTLERS2\RELEASE\STDAFX.OBJ
D:\DEVELOPMENT\SETTLERS2\SETTLERS2\RELEASE\TEXTMANAGER.OBJ
D:\DEVELOPMENT\SETTLERS2\SETTLERS2\RELEASE\TEXTURELOADER.OBJ
D:\DEVELOPMENT\SETTLERS2\SETTLERS2\RELEASE\TEXTUREREGISTRY.OBJ
D:\DEVELOPMENT\SETTLERS2\SETTLERS2\RELEASE\TILELAYER.OBJ
D:\DEVELOPMENT\SETTLERS2\SETTLERS2\RELEASE\TILEPALETTE.OBJ
D:\DEVELOPMENT\SETTLERS2\SETTLERS2\RELEASE\TILERENDERER.OBJ
D:\DEVELOPMENT\SETTLERS2\SETTLERS2\RELEASE\TRANSFORM.OBJ
D:\DEVELOPMENT\SETTLERS2\SETTLERS2\RELEASE\UIMANAGER.OBJ
D:\DEVELOPMENT\SETTLERS2\SETTLERS2\RELEASE\UNIT.OBJ
D:\DEVELOPMENT\SETTLERS2\SETTLERS2\RELEASE\VC100.PDB
D:\DEVELOPMENT\SETTLERS2\SETTLERS2\RELEASE\WEIGHTMAP.OBJ
D:\DEVELOPMENT\SETTLERS2\SETTLERS2\RELEASE\WIDGET.OBJ
